[debug] [2022-12-02T06:42:11.501Z] ----------------------------------------------------------------------
[debug] [2022-12-02T06:42:11.503Z] Command:       /usr/local/bin/node /usr/local/bin/firebase deploy --only functions
[debug] [2022-12-02T06:42:11.504Z] CLI Version:   11.16.1
[debug] [2022-12-02T06:42:11.504Z] Platform:      darwin
[debug] [2022-12-02T06:42:11.504Z] Node Version:  v16.15.0
[debug] [2022-12-02T06:42:11.506Z] Time:          Fri Dec 02 2022 06:42:11 GMT+0000 (Greenwich Mean Time)
[debug] [2022-12-02T06:42:11.507Z] ----------------------------------------------------------------------
[debug] 
[debug] [2022-12-02T06:42:11.636Z] > command requires scopes: ["email","openid","https://www.googleapis.com/auth/cloudplatformprojects.readonly","https://www.googleapis.com/auth/firebase","https://www.googleapis.com/auth/cloud-platform"]
[debug] [2022-12-02T06:42:11.637Z] > authorizing via signed-in user (jeffansah13@gmail.com)
[debug] [2022-12-02T06:42:11.637Z] [iam] checking project jawarams-cov for permissions ["cloudfunctions.functions.create","cloudfunctions.functions.delete","cloudfunctions.functions.get","cloudfunctions.functions.list","cloudfunctions.functions.update","cloudfunctions.operations.get","firebase.projects.get"]
[debug] [2022-12-02T06:42:11.639Z] >>> [apiv2][query] POST https://cloudresourcemanager.googleapis.com/v1/projects/jawarams-cov:testIamPermissions [none]
[debug] [2022-12-02T06:42:11.640Z] >>> [apiv2][(partial)header] POST https://cloudresourcemanager.googleapis.com/v1/projects/jawarams-cov:testIamPermissions x-goog-quota-user=projects/jawarams-cov
[debug] [2022-12-02T06:42:11.640Z] >>> [apiv2][body] POST https://cloudresourcemanager.googleapis.com/v1/projects/jawarams-cov:testIamPermissions {"permissions":["cloudfunctions.functions.create","cloudfunctions.functions.delete","cloudfunctions.functions.get","cloudfunctions.functions.list","cloudfunctions.functions.update","cloudfunctions.operations.get","firebase.projects.get"]}
[debug] [2022-12-02T06:42:12.406Z] <<< [apiv2][status] POST https://cloudresourcemanager.googleapis.com/v1/projects/jawarams-cov:testIamPermissions 200
[debug] [2022-12-02T06:42:12.406Z] <<< [apiv2][body] POST https://cloudresourcemanager.googleapis.com/v1/projects/jawarams-cov:testIamPermissions {"permissions":["cloudfunctions.functions.create","cloudfunctions.functions.delete","cloudfunctions.functions.get","cloudfunctions.functions.list","cloudfunctions.functions.update","cloudfunctions.operations.get","firebase.projects.get"]}
[debug] [2022-12-02T06:42:12.407Z] >>> [apiv2][query] POST https://iam.googleapis.com/v1/projects/jawarams-cov/serviceAccounts/jawarams-cov@appspot.gserviceaccount.com:testIamPermissions [none]
[debug] [2022-12-02T06:42:12.407Z] >>> [apiv2][body] POST https://iam.googleapis.com/v1/projects/jawarams-cov/serviceAccounts/jawarams-cov@appspot.gserviceaccount.com:testIamPermissions {"permissions":["iam.serviceAccounts.actAs"]}
[debug] [2022-12-02T06:42:12.978Z] <<< [apiv2][status] POST https://iam.googleapis.com/v1/projects/jawarams-cov/serviceAccounts/jawarams-cov@appspot.gserviceaccount.com:testIamPermissions 200
[debug] [2022-12-02T06:42:12.978Z] <<< [apiv2][body] POST https://iam.googleapis.com/v1/projects/jawarams-cov/serviceAccounts/jawarams-cov@appspot.gserviceaccount.com:testIamPermissions {"permissions":["iam.serviceAccounts.actAs"]}
[info] 
[info] === Deploying to 'jawarams-cov'...
[info] 
[info] i  deploying functions 
[debug] [2022-12-02T06:42:12.981Z] >>> [apiv2][query] GET https://firebase.googleapis.com/v1beta1/projects/jawarams-cov [none]
[debug] [2022-12-02T06:42:13.270Z] <<< [apiv2][status] GET https://firebase.googleapis.com/v1beta1/projects/jawarams-cov 200
[debug] [2022-12-02T06:42:13.271Z] <<< [apiv2][body] GET https://firebase.googleapis.com/v1beta1/projects/jawarams-cov {"projectId":"jawarams-cov","projectNumber":"1025527321869","displayName":"JawaraMS","name":"projects/jawarams-cov","resources":{"hostingSite":"jawarams-cov"},"state":"ACTIVE","etag":"1_cf3a6b56-eac3-4d0e-ab01-001a9cc3bb88"}
[info] i  functions: ensuring required API cloudfunctions.googleapis.com is enabled... 
[info] i  functions: ensuring required API cloudbuild.googleapis.com is enabled... 
[info] i  artifactregistry: ensuring required API artifactregistry.googleapis.com is enabled... 
[debug] [2022-12-02T06:42:13.275Z] >>> [apiv2][query] GET https://serviceusage.googleapis.com/v1/projects/jawarams-cov/services/cloudfunctions.googleapis.com [none]
[debug] [2022-12-02T06:42:13.275Z] >>> [apiv2][(partial)header] GET https://serviceusage.googleapis.com/v1/projects/jawarams-cov/services/cloudfunctions.googleapis.com x-goog-quota-user=projects/jawarams-cov
[debug] [2022-12-02T06:42:13.277Z] >>> [apiv2][query] GET https://serviceusage.googleapis.com/v1/projects/jawarams-cov/services/runtimeconfig.googleapis.com [none]
[debug] [2022-12-02T06:42:13.281Z] >>> [apiv2][(partial)header] GET https://serviceusage.googleapis.com/v1/projects/jawarams-cov/services/runtimeconfig.googleapis.com x-goog-quota-user=projects/jawarams-cov
[debug] [2022-12-02T06:42:13.283Z] >>> [apiv2][query] GET https://serviceusage.googleapis.com/v1/projects/jawarams-cov/services/cloudbuild.googleapis.com [none]
[debug] [2022-12-02T06:42:13.283Z] >>> [apiv2][(partial)header] GET https://serviceusage.googleapis.com/v1/projects/jawarams-cov/services/cloudbuild.googleapis.com x-goog-quota-user=projects/jawarams-cov
[debug] [2022-12-02T06:42:13.284Z] >>> [apiv2][query] GET https://serviceusage.googleapis.com/v1/projects/jawarams-cov/services/artifactregistry.googleapis.com [none]
[debug] [2022-12-02T06:42:13.284Z] >>> [apiv2][(partial)header] GET https://serviceusage.googleapis.com/v1/projects/jawarams-cov/services/artifactregistry.googleapis.com x-goog-quota-user=projects/jawarams-cov
[debug] [2022-12-02T06:42:14.129Z] <<< [apiv2][status] GET https://serviceusage.googleapis.com/v1/projects/jawarams-cov/services/artifactregistry.googleapis.com 200
[debug] [2022-12-02T06:42:14.129Z] <<< [apiv2][body] GET https://serviceusage.googleapis.com/v1/projects/jawarams-cov/services/artifactregistry.googleapis.com [omitted]
[info] ✔  artifactregistry: required API artifactregistry.googleapis.com is enabled 
[debug] [2022-12-02T06:42:14.131Z] <<< [apiv2][status] GET https://serviceusage.googleapis.com/v1/projects/jawarams-cov/services/runtimeconfig.googleapis.com 200
[debug] [2022-12-02T06:42:14.131Z] <<< [apiv2][body] GET https://serviceusage.googleapis.com/v1/projects/jawarams-cov/services/runtimeconfig.googleapis.com [omitted]
[debug] [2022-12-02T06:42:14.133Z] <<< [apiv2][status] GET https://serviceusage.googleapis.com/v1/projects/jawarams-cov/services/cloudfunctions.googleapis.com 200
[debug] [2022-12-02T06:42:14.133Z] <<< [apiv2][body] GET https://serviceusage.googleapis.com/v1/projects/jawarams-cov/services/cloudfunctions.googleapis.com [omitted]
[info] ✔  functions: required API cloudfunctions.googleapis.com is enabled 
[debug] [2022-12-02T06:42:14.134Z] <<< [apiv2][status] GET https://serviceusage.googleapis.com/v1/projects/jawarams-cov/services/cloudbuild.googleapis.com 200
[debug] [2022-12-02T06:42:14.134Z] <<< [apiv2][body] GET https://serviceusage.googleapis.com/v1/projects/jawarams-cov/services/cloudbuild.googleapis.com [omitted]
[info] ✔  functions: required API cloudbuild.googleapis.com is enabled 
[debug] [2022-12-02T06:42:14.135Z] >>> [apiv2][query] GET https://firebase.googleapis.com/v1beta1/projects/jawarams-cov/adminSdkConfig [none]
[debug] [2022-12-02T06:42:14.446Z] <<< [apiv2][status] GET https://firebase.googleapis.com/v1beta1/projects/jawarams-cov/adminSdkConfig 200
[debug] [2022-12-02T06:42:14.446Z] <<< [apiv2][body] GET https://firebase.googleapis.com/v1beta1/projects/jawarams-cov/adminSdkConfig {"projectId":"jawarams-cov","storageBucket":"jawarams-cov.appspot.com"}
[debug] [2022-12-02T06:42:14.447Z] >>> [apiv2][query] GET https://runtimeconfig.googleapis.com/v1beta1/projects/jawarams-cov/configs [none]
[debug] [2022-12-02T06:42:14.672Z] <<< [apiv2][status] GET https://runtimeconfig.googleapis.com/v1beta1/projects/jawarams-cov/configs 200
[debug] [2022-12-02T06:42:14.672Z] <<< [apiv2][body] GET https://runtimeconfig.googleapis.com/v1beta1/projects/jawarams-cov/configs {}
[info] i  functions: preparing codebase default for deployment 
[debug] [2022-12-02T06:42:14.676Z] Validating nodejs source
[debug] [2022-12-02T06:42:17.533Z] > [functions] package.json contents: {
  "name": "functions",
  "description": "Cloud Functions for Firebase",
  "scripts": {
    "serve": "firebase emulators:start --only functions",
    "shell": "firebase functions:shell",
    "start": "npm run shell",
    "deploy": "firebase deploy --only functions",
    "logs": "firebase functions:log"
  },
  "engines": {
    "node": "16"
  },
  "main": "app.js",
  "dependencies": {
    "cors": "^2.8.5",
    "express": "^4.18.2",
    "firebase-admin": "^10.0.2",
    "firebase-functions": "^4.1.0"
  },
  "devDependencies": {
    "firebase-functions-test": "^0.2.0"
  },
  "private": true
}
[debug] [2022-12-02T06:42:17.534Z] Building nodejs source
[debug] [2022-12-02T06:42:17.536Z] Could not find functions.yaml. Must use http discovery
[debug] [2022-12-02T06:42:18.181Z] Serving at port 9006

[debug] [2022-12-02T06:42:21.465Z] Got response from /__/functions.yaml {"endpoints":{"expressApi":{"platform":"gcfv1","availableMemoryMb":null,"timeoutSeconds":null,"minInstances":null,"maxInstances":null,"ingressSettings":null,"serviceAccountEmail":null,"vpc":null,"httpsTrigger":{},"entryPoint":"expressApi"}},"specVersion":"v1alpha1","requiredAPIs":[]}
[debug] [2022-12-02T06:42:21.499Z] shutdown requested via /__/quitquitquit

[debug] [2022-12-02T06:42:21.608Z] DB connection succeeded

[debug] [2022-12-02T06:42:21.691Z] connected to DB

[info] i  functions: preparing functions directory for uploading... 
[info] i  functions: packaged /Users/mac/Desktop/CARMS/functions (30.27 MB) for uploading 
[debug] [2022-12-02T06:42:34.217Z] >>> [apiv2][query] GET https://cloudfunctions.googleapis.com/v1/projects/jawarams-cov/locations/-/functions [none]
[debug] [2022-12-02T06:42:36.091Z] <<< [apiv2][status] GET https://cloudfunctions.googleapis.com/v1/projects/jawarams-cov/locations/-/functions 200
[debug] [2022-12-02T06:42:36.091Z] <<< [apiv2][body] GET https://cloudfunctions.googleapis.com/v1/projects/jawarams-cov/locations/-/functions {"functions":[{"name":"projects/jawarams-cov/locations/us-central1/functions/expressApi","httpsTrigger":{"url":"https://us-central1-jawarams-cov.cloudfunctions.net/expressApi","securityLevel":"SECURE_ALWAYS"},"status":"OFFLINE","entryPoint":"expressApi","timeout":"60s","availableMemoryMb":256,"serviceAccountEmail":"jawarams-cov@appspot.gserviceaccount.com","updateTime":"2022-12-02T06:39:10.087Z","versionId":"1","labels":{"deployment-tool":"cli-firebase","firebase-functions-hash":"8d813f2266637ec730e7f15ea74802db9a9568dc"},"sourceUploadUrl":"https://storage.googleapis.com/uploads-595648734679.us-central1.cloudfunctions.appspot.com/9a7325b9-1f6a-4829-b34f-045259ea4222.zip","environmentVariables":{"FIREBASE_CONFIG":"{\"projectId\":\"jawarams-cov\",\"storageBucket\":\"jawarams-cov.appspot.com\"}","GCLOUD_PROJECT":"jawarams-cov","EVENTARC_CLOUD_EVENT_SOURCE":"projects/jawarams-cov/locations/us-central1/functions/expressApi"},"runtime":"nodejs16","ingressSettings":"ALLOW_ALL","buildId":"743619a9-8331-4f0e-a1cf-b779b10c8888","buildName":"projects/1025527321869/locations/us-central1/builds/743619a9-8331-4f0e-a1cf-b779b10c8888","dockerRegistry":"ARTIFACT_REGISTRY"}]}
[debug] [2022-12-02T06:42:36.093Z] >>> [apiv2][query] GET https://cloudfunctions.googleapis.com/v2/projects/jawarams-cov/locations/-/functions filter=environment%3D%22GEN_2%22
[debug] [2022-12-02T06:42:37.134Z] <<< [apiv2][status] GET https://cloudfunctions.googleapis.com/v2/projects/jawarams-cov/locations/-/functions 200
[debug] [2022-12-02T06:42:37.134Z] <<< [apiv2][body] GET https://cloudfunctions.googleapis.com/v2/projects/jawarams-cov/locations/-/functions {}
[debug] [2022-12-02T06:42:37.143Z] >>> [apiv2][query] GET https://firebase.googleapis.com/v1beta1/projects/jawarams-cov [none]
[debug] [2022-12-02T06:42:37.374Z] <<< [apiv2][status] GET https://firebase.googleapis.com/v1beta1/projects/jawarams-cov 200
[debug] [2022-12-02T06:42:37.374Z] <<< [apiv2][body] GET https://firebase.googleapis.com/v1beta1/projects/jawarams-cov {"projectId":"jawarams-cov","projectNumber":"1025527321869","displayName":"JawaraMS","name":"projects/jawarams-cov","resources":{"hostingSite":"jawarams-cov"},"state":"ACTIVE","etag":"1_cf3a6b56-eac3-4d0e-ab01-001a9cc3bb88"}
[debug] [2022-12-02T06:42:37.376Z] >>> [apiv2][query] POST https://cloudfunctions.googleapis.com/v1/projects/jawarams-cov/locations/us-central1/functions:generateUploadUrl [none]
[debug] [2022-12-02T06:42:37.376Z] >>> [apiv2][body] POST https://cloudfunctions.googleapis.com/v1/projects/jawarams-cov/locations/us-central1/functions:generateUploadUrl {}
[debug] [2022-12-02T06:42:37.954Z] <<< [apiv2][status] POST https://cloudfunctions.googleapis.com/v1/projects/jawarams-cov/locations/us-central1/functions:generateUploadUrl 200
[debug] [2022-12-02T06:42:37.954Z] <<< [apiv2][body] POST https://cloudfunctions.googleapis.com/v1/projects/jawarams-cov/locations/us-central1/functions:generateUploadUrl {"uploadUrl":"https://storage.googleapis.com/uploads-595648734679.us-central1.cloudfunctions.appspot.com/ff5a56d0-5cdb-43df-95bd-9bd2cc020316.zip?GoogleAccessId=service-1025527321869@gcf-admin-robot.iam.gserviceaccount.com&Expires=1669965157&Signature=E9YzFZl7x9GtxS6khF5q0Wc9n5kNAILraoitdVT7KdDPK1dbYYplYyTtsYtE5O9rWS8%2FhStvN1ek3DjO6dHMM%2BXWYLcLEsXOIAX9gQF1UPXYHDUxFT8LODU6hIFGS87WjiTr6r0rJOnt4TQlkphMtt5%2BqQN2FZq%2Fg0WnIzjpQidUoimavPhXnNKrf7N2Yb01%2BeC54gBzgFXnl%2Fwpja8zrP3Frc7f0FliQtSCdnxddLnPQjPRBx7bEY5ynufxKMNXc4jHd%2BmNiQneyXRrgtyQNHql4lwZtxHrCU35OuKnQChHJdzYL119rOKeOTtIjq%2BnvgFc7nqRLvwNwZMtJonTdw%3D%3D"}
[debug] [2022-12-02T06:42:37.955Z] >>> [apiv2][query] PUT https://storage.googleapis.com/uploads-595648734679.us-central1.cloudfunctions.appspot.com/ff5a56d0-5cdb-43df-95bd-9bd2cc020316.zip GoogleAccessId=service-1025527321869%40gcf-admin-robot.iam.gserviceaccount.com&Expires=1669965157&Signature=E9YzFZl7x9GtxS6khF5q0Wc9n5kNAILraoitdVT7KdDPK1dbYYplYyTtsYtE5O9rWS8%2FhStvN1ek3DjO6dHMM%2BXWYLcLEsXOIAX9gQF1UPXYHDUxFT8LODU6hIFGS87WjiTr6r0rJOnt4TQlkphMtt5%2BqQN2FZq%2Fg0WnIzjpQidUoimavPhXnNKrf7N2Yb01%2BeC54gBzgFXnl%2Fwpja8zrP3Frc7f0FliQtSCdnxddLnPQjPRBx7bEY5ynufxKMNXc4jHd%2BmNiQneyXRrgtyQNHql4lwZtxHrCU35OuKnQChHJdzYL119rOKeOTtIjq%2BnvgFc7nqRLvwNwZMtJonTdw%3D%3D
[debug] [2022-12-02T06:42:37.955Z] >>> [apiv2][body] PUT https://storage.googleapis.com/uploads-595648734679.us-central1.cloudfunctions.appspot.com/ff5a56d0-5cdb-43df-95bd-9bd2cc020316.zip [stream]
[debug] [2022-12-02T06:42:42.217Z] <<< [apiv2][status] PUT https://storage.googleapis.com/uploads-595648734679.us-central1.cloudfunctions.appspot.com/ff5a56d0-5cdb-43df-95bd-9bd2cc020316.zip 200
[debug] [2022-12-02T06:42:42.219Z] <<< [apiv2][body] PUT https://storage.googleapis.com/uploads-595648734679.us-central1.cloudfunctions.appspot.com/ff5a56d0-5cdb-43df-95bd-9bd2cc020316.zip [omitted]
[info] ✔  functions: functions folder uploaded successfully 
[info] i  functions: updating Node.js 16 function expressApi(us-central1)... 
[debug] [2022-12-02T06:42:42.244Z] >>> [apiv2][query] PATCH https://cloudfunctions.googleapis.com/v1/projects/jawarams-cov/locations/us-central1/functions/expressApi updateMask=name%2CsourceUploadUrl%2CentryPoint%2Cruntime%2CdockerRegistry%2Clabels%2ChttpsTrigger.securityLevel%2CminInstances%2CmaxInstances%2CingressSettings%2CenvironmentVariables%2CserviceAccountEmail%2CavailableMemoryMb%2Ctimeout%2CvpcConnector%2CvpcConnectorEgressSettings%2CsourceToken
[debug] [2022-12-02T06:42:42.248Z] >>> [apiv2][body] PATCH https://cloudfunctions.googleapis.com/v1/projects/jawarams-cov/locations/us-central1/functions/expressApi {"name":"projects/jawarams-cov/locations/us-central1/functions/expressApi","sourceUploadUrl":"https://storage.googleapis.com/uploads-595648734679.us-central1.cloudfunctions.appspot.com/ff5a56d0-5cdb-43df-95bd-9bd2cc020316.zip?GoogleAccessId=service-1025527321869@gcf-admin-robot.iam.gserviceaccount.com&Expires=1669965157&Signature=E9YzFZl7x9GtxS6khF5q0Wc9n5kNAILraoitdVT7KdDPK1dbYYplYyTtsYtE5O9rWS8%2FhStvN1ek3DjO6dHMM%2BXWYLcLEsXOIAX9gQF1UPXYHDUxFT8LODU6hIFGS87WjiTr6r0rJOnt4TQlkphMtt5%2BqQN2FZq%2Fg0WnIzjpQidUoimavPhXnNKrf7N2Yb01%2BeC54gBzgFXnl%2Fwpja8zrP3Frc7f0FliQtSCdnxddLnPQjPRBx7bEY5ynufxKMNXc4jHd%2BmNiQneyXRrgtyQNHql4lwZtxHrCU35OuKnQChHJdzYL119rOKeOTtIjq%2BnvgFc7nqRLvwNwZMtJonTdw%3D%3D","entryPoint":"expressApi","runtime":"nodejs16","dockerRegistry":"ARTIFACT_REGISTRY","labels":{"deployment-tool":"cli-firebase","firebase-functions-hash":"3aba51dc6fa3149fa243a9177e0378196f8207a9"},"httpsTrigger":{"securityLevel":"SECURE_ALWAYS"},"minInstances":null,"maxInstances":null,"ingressSettings":null,"environmentVariables":{"FIREBASE_CONFIG":"{\"projectId\":\"jawarams-cov\",\"storageBucket\":\"jawarams-cov.appspot.com\"}","GCLOUD_PROJECT":"jawarams-cov","EVENTARC_CLOUD_EVENT_SOURCE":"projects/jawarams-cov/locations/us-central1/functions/expressApi"},"serviceAccountEmail":null,"availableMemoryMb":null,"timeout":null,"vpcConnector":null,"vpcConnectorEgressSettings":null}
[debug] [2022-12-02T06:42:42.755Z] <<< [apiv2][status] PATCH https://cloudfunctions.googleapis.com/v1/projects/jawarams-cov/locations/us-central1/functions/expressApi 200
[debug] [2022-12-02T06:42:42.755Z] <<< [apiv2][body] PATCH https://cloudfunctions.googleapis.com/v1/projects/jawarams-cov/locations/us-central1/functions/expressApi {"name":"operations/amF3YXJhbXMtY292L3VzLWNlbnRyYWwxL2V4cHJlc3NBcGkvZVZWYUxhckEyd1E","metadata":{"@type":"type.googleapis.com/google.cloud.functions.v1.OperationMetadataV1","target":"projects/jawarams-cov/locations/us-central1/functions/expressApi","type":"UPDATE_FUNCTION","request":{"@type":"type.googleapis.com/google.cloud.functions.v1.CloudFunction","name":"projects/jawarams-cov/locations/us-central1/functions/expressApi","httpsTrigger":{"url":"https://us-central1-jawarams-cov.cloudfunctions.net/expressApi","securityLevel":"SECURE_ALWAYS"},"status":"OFFLINE","entryPoint":"expressApi","updateTime":"2022-12-02T06:39:10.087Z","versionId":"1","labels":{"deployment-tool":"cli-firebase","firebase-functions-hash":"3aba51dc6fa3149fa243a9177e0378196f8207a9"},"sourceUploadUrl":"https://storage.googleapis.com/uploads-595648734679.us-central1.cloudfunctions.appspot.com/ff5a56d0-5cdb-43df-95bd-9bd2cc020316.zip?GoogleAccessId=service-1025527321869@gcf-admin-robot.iam.gserviceaccount.com&Expires=1669965157&Signature=E9YzFZl7x9GtxS6khF5q0Wc9n5kNAILraoitdVT7KdDPK1dbYYplYyTtsYtE5O9rWS8%2FhStvN1ek3DjO6dHMM%2BXWYLcLEsXOIAX9gQF1UPXYHDUxFT8LODU6hIFGS87WjiTr6r0rJOnt4TQlkphMtt5%2BqQN2FZq%2Fg0WnIzjpQidUoimavPhXnNKrf7N2Yb01%2BeC54gBzgFXnl%2Fwpja8zrP3Frc7f0FliQtSCdnxddLnPQjPRBx7bEY5ynufxKMNXc4jHd%2BmNiQneyXRrgtyQNHql4lwZtxHrCU35OuKnQChHJdzYL119rOKeOTtIjq%2BnvgFc7nqRLvwNwZMtJonTdw%3D%3D","environmentVariables":{"FIREBASE_CONFIG":"{\"projectId\":\"jawarams-cov\",\"storageBucket\":\"jawarams-cov.appspot.com\"}","GCLOUD_PROJECT":"jawarams-cov","EVENTARC_CLOUD_EVENT_SOURCE":"projects/jawarams-cov/locations/us-central1/functions/expressApi"},"runtime":"nodejs16","buildId":"743619a9-8331-4f0e-a1cf-b779b10c8888","buildName":"projects/1025527321869/locations/us-central1/builds/743619a9-8331-4f0e-a1cf-b779b10c8888","dockerRegistry":"ARTIFACT_REGISTRY"},"versionId":"2","updateTime":"2022-12-02T06:42:42Z"}}
[debug] [2022-12-02T06:42:42.757Z] >>> [apiv2][query] GET https://cloudfunctions.googleapis.com/v1/operations/amF3YXJhbXMtY292L3VzLWNlbnRyYWwxL2V4cHJlc3NBcGkvZVZWYUxhckEyd1E [none]
[debug] [2022-12-02T06:42:43.000Z] <<< [apiv2][status] GET https://cloudfunctions.googleapis.com/v1/operations/amF3YXJhbXMtY292L3VzLWNlbnRyYWwxL2V4cHJlc3NBcGkvZVZWYUxhckEyd1E 200
[debug] [2022-12-02T06:42:43.001Z] <<< [apiv2][body] GET https://cloudfunctions.googleapis.com/v1/operations/amF3YXJhbXMtY292L3VzLWNlbnRyYWwxL2V4cHJlc3NBcGkvZVZWYUxhckEyd1E {"name":"operations/amF3YXJhbXMtY292L3VzLWNlbnRyYWwxL2V4cHJlc3NBcGkvZVZWYUxhckEyd1E","metadata":{"@type":"type.googleapis.com/google.cloud.functions.v1.OperationMetadataV1","target":"projects/jawarams-cov/locations/us-central1/functions/expressApi","type":"UPDATE_FUNCTION","request":{"@type":"type.googleapis.com/google.cloud.functions.v1.CloudFunction","name":"projects/jawarams-cov/locations/us-central1/functions/expressApi","httpsTrigger":{"url":"https://us-central1-jawarams-cov.cloudfunctions.net/expressApi","securityLevel":"SECURE_ALWAYS"},"status":"OFFLINE","entryPoint":"expressApi","updateTime":"2022-12-02T06:39:10.087Z","versionId":"1","labels":{"deployment-tool":"cli-firebase","firebase-functions-hash":"3aba51dc6fa3149fa243a9177e0378196f8207a9"},"sourceUploadUrl":"https://storage.googleapis.com/uploads-595648734679.us-central1.cloudfunctions.appspot.com/ff5a56d0-5cdb-43df-95bd-9bd2cc020316.zip?GoogleAccessId=service-1025527321869@gcf-admin-robot.iam.gserviceaccount.com&Expires=1669965157&Signature=E9YzFZl7x9GtxS6khF5q0Wc9n5kNAILraoitdVT7KdDPK1dbYYplYyTtsYtE5O9rWS8%2FhStvN1ek3DjO6dHMM%2BXWYLcLEsXOIAX9gQF1UPXYHDUxFT8LODU6hIFGS87WjiTr6r0rJOnt4TQlkphMtt5%2BqQN2FZq%2Fg0WnIzjpQidUoimavPhXnNKrf7N2Yb01%2BeC54gBzgFXnl%2Fwpja8zrP3Frc7f0FliQtSCdnxddLnPQjPRBx7bEY5ynufxKMNXc4jHd%2BmNiQneyXRrgtyQNHql4lwZtxHrCU35OuKnQChHJdzYL119rOKeOTtIjq%2BnvgFc7nqRLvwNwZMtJonTdw%3D%3D","environmentVariables":{"FIREBASE_CONFIG":"{\"projectId\":\"jawarams-cov\",\"storageBucket\":\"jawarams-cov.appspot.com\"}","GCLOUD_PROJECT":"jawarams-cov","EVENTARC_CLOUD_EVENT_SOURCE":"projects/jawarams-cov/locations/us-central1/functions/expressApi"},"runtime":"nodejs16","buildId":"743619a9-8331-4f0e-a1cf-b779b10c8888","buildName":"projects/1025527321869/locations/us-central1/builds/743619a9-8331-4f0e-a1cf-b779b10c8888","dockerRegistry":"ARTIFACT_REGISTRY"},"versionId":"2","updateTime":"2022-12-02T06:42:42Z"}}
[debug] [2022-12-02T06:42:43.504Z] [update-default-us-central1-expressApi] Retrying task index 0
[debug] [2022-12-02T06:42:43.504Z] >>> [apiv2][query] GET https://cloudfunctions.googleapis.com/v1/operations/amF3YXJhbXMtY292L3VzLWNlbnRyYWwxL2V4cHJlc3NBcGkvZVZWYUxhckEyd1E [none]
[debug] [2022-12-02T06:42:43.766Z] <<< [apiv2][status] GET https://cloudfunctions.googleapis.com/v1/operations/amF3YXJhbXMtY292L3VzLWNlbnRyYWwxL2V4cHJlc3NBcGkvZVZWYUxhckEyd1E 200
[debug] [2022-12-02T06:42:43.767Z] <<< [apiv2][body] GET https://cloudfunctions.googleapis.com/v1/operations/amF3YXJhbXMtY292L3VzLWNlbnRyYWwxL2V4cHJlc3NBcGkvZVZWYUxhckEyd1E {"name":"operations/amF3YXJhbXMtY292L3VzLWNlbnRyYWwxL2V4cHJlc3NBcGkvZVZWYUxhckEyd1E","metadata":{"@type":"type.googleapis.com/google.cloud.functions.v1.OperationMetadataV1","target":"projects/jawarams-cov/locations/us-central1/functions/expressApi","type":"UPDATE_FUNCTION","request":{"@type":"type.googleapis.com/google.cloud.functions.v1.CloudFunction","name":"projects/jawarams-cov/locations/us-central1/functions/expressApi","httpsTrigger":{"url":"https://us-central1-jawarams-cov.cloudfunctions.net/expressApi","securityLevel":"SECURE_ALWAYS"},"status":"OFFLINE","entryPoint":"expressApi","updateTime":"2022-12-02T06:39:10.087Z","versionId":"1","labels":{"deployment-tool":"cli-firebase","firebase-functions-hash":"3aba51dc6fa3149fa243a9177e0378196f8207a9"},"sourceUploadUrl":"https://storage.googleapis.com/uploads-595648734679.us-central1.cloudfunctions.appspot.com/ff5a56d0-5cdb-43df-95bd-9bd2cc020316.zip?GoogleAccessId=service-1025527321869@gcf-admin-robot.iam.gserviceaccount.com&Expires=1669965157&Signature=E9YzFZl7x9GtxS6khF5q0Wc9n5kNAILraoitdVT7KdDPK1dbYYplYyTtsYtE5O9rWS8%2FhStvN1ek3DjO6dHMM%2BXWYLcLEsXOIAX9gQF1UPXYHDUxFT8LODU6hIFGS87WjiTr6r0rJOnt4TQlkphMtt5%2BqQN2FZq%2Fg0WnIzjpQidUoimavPhXnNKrf7N2Yb01%2BeC54gBzgFXnl%2Fwpja8zrP3Frc7f0FliQtSCdnxddLnPQjPRBx7bEY5ynufxKMNXc4jHd%2BmNiQneyXRrgtyQNHql4lwZtxHrCU35OuKnQChHJdzYL119rOKeOTtIjq%2BnvgFc7nqRLvwNwZMtJonTdw%3D%3D","environmentVariables":{"FIREBASE_CONFIG":"{\"projectId\":\"jawarams-cov\",\"storageBucket\":\"jawarams-cov.appspot.com\"}","GCLOUD_PROJECT":"jawarams-cov","EVENTARC_CLOUD_EVENT_SOURCE":"projects/jawarams-cov/locations/us-central1/functions/expressApi"},"runtime":"nodejs16","buildId":"743619a9-8331-4f0e-a1cf-b779b10c8888","buildName":"projects/1025527321869/locations/us-central1/builds/743619a9-8331-4f0e-a1cf-b779b10c8888","dockerRegistry":"ARTIFACT_REGISTRY"},"versionId":"2","updateTime":"2022-12-02T06:42:42Z"}}
[debug] [2022-12-02T06:42:44.771Z] [update-default-us-central1-expressApi] Retrying task index 0
[debug] [2022-12-02T06:42:44.773Z] >>> [apiv2][query] GET https://cloudfunctions.googleapis.com/v1/operations/amF3YXJhbXMtY292L3VzLWNlbnRyYWwxL2V4cHJlc3NBcGkvZVZWYUxhckEyd1E [none]
[debug] [2022-12-02T06:42:45.015Z] <<< [apiv2][status] GET https://cloudfunctions.googleapis.com/v1/operations/amF3YXJhbXMtY292L3VzLWNlbnRyYWwxL2V4cHJlc3NBcGkvZVZWYUxhckEyd1E 200
[debug] [2022-12-02T06:42:45.016Z] <<< [apiv2][body] GET https://cloudfunctions.googleapis.com/v1/operations/amF3YXJhbXMtY292L3VzLWNlbnRyYWwxL2V4cHJlc3NBcGkvZVZWYUxhckEyd1E {"name":"operations/amF3YXJhbXMtY292L3VzLWNlbnRyYWwxL2V4cHJlc3NBcGkvZVZWYUxhckEyd1E","metadata":{"@type":"type.googleapis.com/google.cloud.functions.v1.OperationMetadataV1","target":"projects/jawarams-cov/locations/us-central1/functions/expressApi","type":"UPDATE_FUNCTION","request":{"@type":"type.googleapis.com/google.cloud.functions.v1.CloudFunction","name":"projects/jawarams-cov/locations/us-central1/functions/expressApi","httpsTrigger":{"url":"https://us-central1-jawarams-cov.cloudfunctions.net/expressApi","securityLevel":"SECURE_ALWAYS"},"status":"OFFLINE","entryPoint":"expressApi","updateTime":"2022-12-02T06:39:10.087Z","versionId":"1","labels":{"deployment-tool":"cli-firebase","firebase-functions-hash":"3aba51dc6fa3149fa243a9177e0378196f8207a9"},"sourceUploadUrl":"https://storage.googleapis.com/uploads-595648734679.us-central1.cloudfunctions.appspot.com/ff5a56d0-5cdb-43df-95bd-9bd2cc020316.zip?GoogleAccessId=service-1025527321869@gcf-admin-robot.iam.gserviceaccount.com&Expires=1669965157&Signature=E9YzFZl7x9GtxS6khF5q0Wc9n5kNAILraoitdVT7KdDPK1dbYYplYyTtsYtE5O9rWS8%2FhStvN1ek3DjO6dHMM%2BXWYLcLEsXOIAX9gQF1UPXYHDUxFT8LODU6hIFGS87WjiTr6r0rJOnt4TQlkphMtt5%2BqQN2FZq%2Fg0WnIzjpQidUoimavPhXnNKrf7N2Yb01%2BeC54gBzgFXnl%2Fwpja8zrP3Frc7f0FliQtSCdnxddLnPQjPRBx7bEY5ynufxKMNXc4jHd%2BmNiQneyXRrgtyQNHql4lwZtxHrCU35OuKnQChHJdzYL119rOKeOTtIjq%2BnvgFc7nqRLvwNwZMtJonTdw%3D%3D","environmentVariables":{"FIREBASE_CONFIG":"{\"projectId\":\"jawarams-cov\",\"storageBucket\":\"jawarams-cov.appspot.com\"}","GCLOUD_PROJECT":"jawarams-cov","EVENTARC_CLOUD_EVENT_SOURCE":"projects/jawarams-cov/locations/us-central1/functions/expressApi"},"runtime":"nodejs16","buildId":"743619a9-8331-4f0e-a1cf-b779b10c8888","buildName":"projects/1025527321869/locations/us-central1/builds/743619a9-8331-4f0e-a1cf-b779b10c8888","dockerRegistry":"ARTIFACT_REGISTRY"},"versionId":"2","updateTime":"2022-12-02T06:42:42Z","buildId":"9099097b-65d8-44bc-959a-d8a90d2ff49b","buildName":"projects/1025527321869/locations/us-central1/builds/9099097b-65d8-44bc-959a-d8a90d2ff49b"}}
[debug] [2022-12-02T06:42:47.022Z] [update-default-us-central1-expressApi] Retrying task index 0
[debug] [2022-12-02T06:42:47.022Z] >>> [apiv2][query] GET https://cloudfunctions.googleapis.com/v1/operations/amF3YXJhbXMtY292L3VzLWNlbnRyYWwxL2V4cHJlc3NBcGkvZVZWYUxhckEyd1E [none]
[debug] [2022-12-02T06:42:47.253Z] <<< [apiv2][status] GET https://cloudfunctions.googleapis.com/v1/operations/amF3YXJhbXMtY292L3VzLWNlbnRyYWwxL2V4cHJlc3NBcGkvZVZWYUxhckEyd1E 200
[debug] [2022-12-02T06:42:47.253Z] <<< [apiv2][body] GET https://cloudfunctions.googleapis.com/v1/operations/amF3YXJhbXMtY292L3VzLWNlbnRyYWwxL2V4cHJlc3NBcGkvZVZWYUxhckEyd1E {"name":"operations/amF3YXJhbXMtY292L3VzLWNlbnRyYWwxL2V4cHJlc3NBcGkvZVZWYUxhckEyd1E","metadata":{"@type":"type.googleapis.com/google.cloud.functions.v1.OperationMetadataV1","target":"projects/jawarams-cov/locations/us-central1/functions/expressApi","type":"UPDATE_FUNCTION","request":{"@type":"type.googleapis.com/google.cloud.functions.v1.CloudFunction","name":"projects/jawarams-cov/locations/us-central1/functions/expressApi","httpsTrigger":{"url":"https://us-central1-jawarams-cov.cloudfunctions.net/expressApi","securityLevel":"SECURE_ALWAYS"},"status":"OFFLINE","entryPoint":"expressApi","updateTime":"2022-12-02T06:39:10.087Z","versionId":"1","labels":{"deployment-tool":"cli-firebase","firebase-functions-hash":"3aba51dc6fa3149fa243a9177e0378196f8207a9"},"sourceUploadUrl":"https://storage.googleapis.com/uploads-595648734679.us-central1.cloudfunctions.appspot.com/ff5a56d0-5cdb-43df-95bd-9bd2cc020316.zip?GoogleAccessId=service-1025527321869@gcf-admin-robot.iam.gserviceaccount.com&Expires=1669965157&Signature=E9YzFZl7x9GtxS6khF5q0Wc9n5kNAILraoitdVT7KdDPK1dbYYplYyTtsYtE5O9rWS8%2FhStvN1ek3DjO6dHMM%2BXWYLcLEsXOIAX9gQF1UPXYHDUxFT8LODU6hIFGS87WjiTr6r0rJOnt4TQlkphMtt5%2BqQN2FZq%2Fg0WnIzjpQidUoimavPhXnNKrf7N2Yb01%2BeC54gBzgFXnl%2Fwpja8zrP3Frc7f0FliQtSCdnxddLnPQjPRBx7bEY5ynufxKMNXc4jHd%2BmNiQneyXRrgtyQNHql4lwZtxHrCU35OuKnQChHJdzYL119rOKeOTtIjq%2BnvgFc7nqRLvwNwZMtJonTdw%3D%3D","environmentVariables":{"FIREBASE_CONFIG":"{\"projectId\":\"jawarams-cov\",\"storageBucket\":\"jawarams-cov.appspot.com\"}","GCLOUD_PROJECT":"jawarams-cov","EVENTARC_CLOUD_EVENT_SOURCE":"projects/jawarams-cov/locations/us-central1/functions/expressApi"},"runtime":"nodejs16","buildId":"743619a9-8331-4f0e-a1cf-b779b10c8888","buildName":"projects/1025527321869/locations/us-central1/builds/743619a9-8331-4f0e-a1cf-b779b10c8888","dockerRegistry":"ARTIFACT_REGISTRY"},"versionId":"2","updateTime":"2022-12-02T06:42:42Z","buildId":"9099097b-65d8-44bc-959a-d8a90d2ff49b","buildName":"projects/1025527321869/locations/us-central1/builds/9099097b-65d8-44bc-959a-d8a90d2ff49b"}}
[debug] [2022-12-02T06:42:51.259Z] [update-default-us-central1-expressApi] Retrying task index 0
[debug] [2022-12-02T06:42:51.260Z] >>> [apiv2][query] GET https://cloudfunctions.googleapis.com/v1/operations/amF3YXJhbXMtY292L3VzLWNlbnRyYWwxL2V4cHJlc3NBcGkvZVZWYUxhckEyd1E [none]
[debug] [2022-12-02T06:42:51.493Z] <<< [apiv2][status] GET https://cloudfunctions.googleapis.com/v1/operations/amF3YXJhbXMtY292L3VzLWNlbnRyYWwxL2V4cHJlc3NBcGkvZVZWYUxhckEyd1E 200
[debug] [2022-12-02T06:42:51.493Z] <<< [apiv2][body] GET https://cloudfunctions.googleapis.com/v1/operations/amF3YXJhbXMtY292L3VzLWNlbnRyYWwxL2V4cHJlc3NBcGkvZVZWYUxhckEyd1E {"name":"operations/amF3YXJhbXMtY292L3VzLWNlbnRyYWwxL2V4cHJlc3NBcGkvZVZWYUxhckEyd1E","metadata":{"@type":"type.googleapis.com/google.cloud.functions.v1.OperationMetadataV1","target":"projects/jawarams-cov/locations/us-central1/functions/expressApi","type":"UPDATE_FUNCTION","request":{"@type":"type.googleapis.com/google.cloud.functions.v1.CloudFunction","name":"projects/jawarams-cov/locations/us-central1/functions/expressApi","httpsTrigger":{"url":"https://us-central1-jawarams-cov.cloudfunctions.net/expressApi","securityLevel":"SECURE_ALWAYS"},"status":"OFFLINE","entryPoint":"expressApi","updateTime":"2022-12-02T06:39:10.087Z","versionId":"1","labels":{"deployment-tool":"cli-firebase","firebase-functions-hash":"3aba51dc6fa3149fa243a9177e0378196f8207a9"},"sourceUploadUrl":"https://storage.googleapis.com/uploads-595648734679.us-central1.cloudfunctions.appspot.com/ff5a56d0-5cdb-43df-95bd-9bd2cc020316.zip?GoogleAccessId=service-1025527321869@gcf-admin-robot.iam.gserviceaccount.com&Expires=1669965157&Signature=E9YzFZl7x9GtxS6khF5q0Wc9n5kNAILraoitdVT7KdDPK1dbYYplYyTtsYtE5O9rWS8%2FhStvN1ek3DjO6dHMM%2BXWYLcLEsXOIAX9gQF1UPXYHDUxFT8LODU6hIFGS87WjiTr6r0rJOnt4TQlkphMtt5%2BqQN2FZq%2Fg0WnIzjpQidUoimavPhXnNKrf7N2Yb01%2BeC54gBzgFXnl%2Fwpja8zrP3Frc7f0FliQtSCdnxddLnPQjPRBx7bEY5ynufxKMNXc4jHd%2BmNiQneyXRrgtyQNHql4lwZtxHrCU35OuKnQChHJdzYL119rOKeOTtIjq%2BnvgFc7nqRLvwNwZMtJonTdw%3D%3D","environmentVariables":{"FIREBASE_CONFIG":"{\"projectId\":\"jawarams-cov\",\"storageBucket\":\"jawarams-cov.appspot.com\"}","GCLOUD_PROJECT":"jawarams-cov","EVENTARC_CLOUD_EVENT_SOURCE":"projects/jawarams-cov/locations/us-central1/functions/expressApi"},"runtime":"nodejs16","buildId":"743619a9-8331-4f0e-a1cf-b779b10c8888","buildName":"projects/1025527321869/locations/us-central1/builds/743619a9-8331-4f0e-a1cf-b779b10c8888","dockerRegistry":"ARTIFACT_REGISTRY"},"versionId":"2","updateTime":"2022-12-02T06:42:42Z","buildId":"9099097b-65d8-44bc-959a-d8a90d2ff49b","buildName":"projects/1025527321869/locations/us-central1/builds/9099097b-65d8-44bc-959a-d8a90d2ff49b"}}
[debug] [2022-12-02T06:42:59.495Z] [update-default-us-central1-expressApi] Retrying task index 0
[debug] [2022-12-02T06:42:59.495Z] >>> [apiv2][query] GET https://cloudfunctions.googleapis.com/v1/operations/amF3YXJhbXMtY292L3VzLWNlbnRyYWwxL2V4cHJlc3NBcGkvZVZWYUxhckEyd1E [none]
[debug] [2022-12-02T06:42:59.959Z] <<< [apiv2][status] GET https://cloudfunctions.googleapis.com/v1/operations/amF3YXJhbXMtY292L3VzLWNlbnRyYWwxL2V4cHJlc3NBcGkvZVZWYUxhckEyd1E 200
[debug] [2022-12-02T06:42:59.959Z] <<< [apiv2][body] GET https://cloudfunctions.googleapis.com/v1/operations/amF3YXJhbXMtY292L3VzLWNlbnRyYWwxL2V4cHJlc3NBcGkvZVZWYUxhckEyd1E {"name":"operations/amF3YXJhbXMtY292L3VzLWNlbnRyYWwxL2V4cHJlc3NBcGkvZVZWYUxhckEyd1E","metadata":{"@type":"type.googleapis.com/google.cloud.functions.v1.OperationMetadataV1","target":"projects/jawarams-cov/locations/us-central1/functions/expressApi","type":"UPDATE_FUNCTION","request":{"@type":"type.googleapis.com/google.cloud.functions.v1.CloudFunction","name":"projects/jawarams-cov/locations/us-central1/functions/expressApi","httpsTrigger":{"url":"https://us-central1-jawarams-cov.cloudfunctions.net/expressApi","securityLevel":"SECURE_ALWAYS"},"status":"OFFLINE","entryPoint":"expressApi","updateTime":"2022-12-02T06:39:10.087Z","versionId":"1","labels":{"deployment-tool":"cli-firebase","firebase-functions-hash":"3aba51dc6fa3149fa243a9177e0378196f8207a9"},"sourceUploadUrl":"https://storage.googleapis.com/uploads-595648734679.us-central1.cloudfunctions.appspot.com/ff5a56d0-5cdb-43df-95bd-9bd2cc020316.zip?GoogleAccessId=service-1025527321869@gcf-admin-robot.iam.gserviceaccount.com&Expires=1669965157&Signature=E9YzFZl7x9GtxS6khF5q0Wc9n5kNAILraoitdVT7KdDPK1dbYYplYyTtsYtE5O9rWS8%2FhStvN1ek3DjO6dHMM%2BXWYLcLEsXOIAX9gQF1UPXYHDUxFT8LODU6hIFGS87WjiTr6r0rJOnt4TQlkphMtt5%2BqQN2FZq%2Fg0WnIzjpQidUoimavPhXnNKrf7N2Yb01%2BeC54gBzgFXnl%2Fwpja8zrP3Frc7f0FliQtSCdnxddLnPQjPRBx7bEY5ynufxKMNXc4jHd%2BmNiQneyXRrgtyQNHql4lwZtxHrCU35OuKnQChHJdzYL119rOKeOTtIjq%2BnvgFc7nqRLvwNwZMtJonTdw%3D%3D","environmentVariables":{"FIREBASE_CONFIG":"{\"projectId\":\"jawarams-cov\",\"storageBucket\":\"jawarams-cov.appspot.com\"}","GCLOUD_PROJECT":"jawarams-cov","EVENTARC_CLOUD_EVENT_SOURCE":"projects/jawarams-cov/locations/us-central1/functions/expressApi"},"runtime":"nodejs16","buildId":"743619a9-8331-4f0e-a1cf-b779b10c8888","buildName":"projects/1025527321869/locations/us-central1/builds/743619a9-8331-4f0e-a1cf-b779b10c8888","dockerRegistry":"ARTIFACT_REGISTRY"},"versionId":"2","updateTime":"2022-12-02T06:42:42Z","buildId":"9099097b-65d8-44bc-959a-d8a90d2ff49b","buildName":"projects/1025527321869/locations/us-central1/builds/9099097b-65d8-44bc-959a-d8a90d2ff49b"}}
[debug] [2022-12-02T06:43:09.962Z] [update-default-us-central1-expressApi] Retrying task index 0
[debug] [2022-12-02T06:43:09.963Z] >>> [apiv2][query] GET https://cloudfunctions.googleapis.com/v1/operations/amF3YXJhbXMtY292L3VzLWNlbnRyYWwxL2V4cHJlc3NBcGkvZVZWYUxhckEyd1E [none]
[debug] [2022-12-02T06:43:10.196Z] <<< [apiv2][status] GET https://cloudfunctions.googleapis.com/v1/operations/amF3YXJhbXMtY292L3VzLWNlbnRyYWwxL2V4cHJlc3NBcGkvZVZWYUxhckEyd1E 200
[debug] [2022-12-02T06:43:10.196Z] <<< [apiv2][body] GET https://cloudfunctions.googleapis.com/v1/operations/amF3YXJhbXMtY292L3VzLWNlbnRyYWwxL2V4cHJlc3NBcGkvZVZWYUxhckEyd1E {"name":"operations/amF3YXJhbXMtY292L3VzLWNlbnRyYWwxL2V4cHJlc3NBcGkvZVZWYUxhckEyd1E","metadata":{"@type":"type.googleapis.com/google.cloud.functions.v1.OperationMetadataV1","target":"projects/jawarams-cov/locations/us-central1/functions/expressApi","type":"UPDATE_FUNCTION","request":{"@type":"type.googleapis.com/google.cloud.functions.v1.CloudFunction","name":"projects/jawarams-cov/locations/us-central1/functions/expressApi","httpsTrigger":{"url":"https://us-central1-jawarams-cov.cloudfunctions.net/expressApi","securityLevel":"SECURE_ALWAYS"},"status":"OFFLINE","entryPoint":"expressApi","updateTime":"2022-12-02T06:39:10.087Z","versionId":"1","labels":{"deployment-tool":"cli-firebase","firebase-functions-hash":"3aba51dc6fa3149fa243a9177e0378196f8207a9"},"sourceUploadUrl":"https://storage.googleapis.com/uploads-595648734679.us-central1.cloudfunctions.appspot.com/ff5a56d0-5cdb-43df-95bd-9bd2cc020316.zip?GoogleAccessId=service-1025527321869@gcf-admin-robot.iam.gserviceaccount.com&Expires=1669965157&Signature=E9YzFZl7x9GtxS6khF5q0Wc9n5kNAILraoitdVT7KdDPK1dbYYplYyTtsYtE5O9rWS8%2FhStvN1ek3DjO6dHMM%2BXWYLcLEsXOIAX9gQF1UPXYHDUxFT8LODU6hIFGS87WjiTr6r0rJOnt4TQlkphMtt5%2BqQN2FZq%2Fg0WnIzjpQidUoimavPhXnNKrf7N2Yb01%2BeC54gBzgFXnl%2Fwpja8zrP3Frc7f0FliQtSCdnxddLnPQjPRBx7bEY5ynufxKMNXc4jHd%2BmNiQneyXRrgtyQNHql4lwZtxHrCU35OuKnQChHJdzYL119rOKeOTtIjq%2BnvgFc7nqRLvwNwZMtJonTdw%3D%3D","environmentVariables":{"FIREBASE_CONFIG":"{\"projectId\":\"jawarams-cov\",\"storageBucket\":\"jawarams-cov.appspot.com\"}","GCLOUD_PROJECT":"jawarams-cov","EVENTARC_CLOUD_EVENT_SOURCE":"projects/jawarams-cov/locations/us-central1/functions/expressApi"},"runtime":"nodejs16","buildId":"743619a9-8331-4f0e-a1cf-b779b10c8888","buildName":"projects/1025527321869/locations/us-central1/builds/743619a9-8331-4f0e-a1cf-b779b10c8888","dockerRegistry":"ARTIFACT_REGISTRY"},"versionId":"2","updateTime":"2022-12-02T06:42:42Z","buildId":"9099097b-65d8-44bc-959a-d8a90d2ff49b","buildName":"projects/1025527321869/locations/us-central1/builds/9099097b-65d8-44bc-959a-d8a90d2ff49b"}}
[debug] [2022-12-02T06:43:20.201Z] [update-default-us-central1-expressApi] Retrying task index 0
[debug] [2022-12-02T06:43:20.201Z] >>> [apiv2][query] GET https://cloudfunctions.googleapis.com/v1/operations/amF3YXJhbXMtY292L3VzLWNlbnRyYWwxL2V4cHJlc3NBcGkvZVZWYUxhckEyd1E [none]
[debug] [2022-12-02T06:43:20.451Z] <<< [apiv2][status] GET https://cloudfunctions.googleapis.com/v1/operations/amF3YXJhbXMtY292L3VzLWNlbnRyYWwxL2V4cHJlc3NBcGkvZVZWYUxhckEyd1E 200
[debug] [2022-12-02T06:43:20.451Z] <<< [apiv2][body] GET https://cloudfunctions.googleapis.com/v1/operations/amF3YXJhbXMtY292L3VzLWNlbnRyYWwxL2V4cHJlc3NBcGkvZVZWYUxhckEyd1E {"name":"operations/amF3YXJhbXMtY292L3VzLWNlbnRyYWwxL2V4cHJlc3NBcGkvZVZWYUxhckEyd1E","metadata":{"@type":"type.googleapis.com/google.cloud.functions.v1.OperationMetadataV1","target":"projects/jawarams-cov/locations/us-central1/functions/expressApi","type":"UPDATE_FUNCTION","request":{"@type":"type.googleapis.com/google.cloud.functions.v1.CloudFunction","name":"projects/jawarams-cov/locations/us-central1/functions/expressApi","httpsTrigger":{"url":"https://us-central1-jawarams-cov.cloudfunctions.net/expressApi","securityLevel":"SECURE_ALWAYS"},"status":"OFFLINE","entryPoint":"expressApi","updateTime":"2022-12-02T06:39:10.087Z","versionId":"1","labels":{"deployment-tool":"cli-firebase","firebase-functions-hash":"3aba51dc6fa3149fa243a9177e0378196f8207a9"},"sourceUploadUrl":"https://storage.googleapis.com/uploads-595648734679.us-central1.cloudfunctions.appspot.com/ff5a56d0-5cdb-43df-95bd-9bd2cc020316.zip?GoogleAccessId=service-1025527321869@gcf-admin-robot.iam.gserviceaccount.com&Expires=1669965157&Signature=E9YzFZl7x9GtxS6khF5q0Wc9n5kNAILraoitdVT7KdDPK1dbYYplYyTtsYtE5O9rWS8%2FhStvN1ek3DjO6dHMM%2BXWYLcLEsXOIAX9gQF1UPXYHDUxFT8LODU6hIFGS87WjiTr6r0rJOnt4TQlkphMtt5%2BqQN2FZq%2Fg0WnIzjpQidUoimavPhXnNKrf7N2Yb01%2BeC54gBzgFXnl%2Fwpja8zrP3Frc7f0FliQtSCdnxddLnPQjPRBx7bEY5ynufxKMNXc4jHd%2BmNiQneyXRrgtyQNHql4lwZtxHrCU35OuKnQChHJdzYL119rOKeOTtIjq%2BnvgFc7nqRLvwNwZMtJonTdw%3D%3D","environmentVariables":{"FIREBASE_CONFIG":"{\"projectId\":\"jawarams-cov\",\"storageBucket\":\"jawarams-cov.appspot.com\"}","GCLOUD_PROJECT":"jawarams-cov","EVENTARC_CLOUD_EVENT_SOURCE":"projects/jawarams-cov/locations/us-central1/functions/expressApi"},"runtime":"nodejs16","buildId":"743619a9-8331-4f0e-a1cf-b779b10c8888","buildName":"projects/1025527321869/locations/us-central1/builds/743619a9-8331-4f0e-a1cf-b779b10c8888","dockerRegistry":"ARTIFACT_REGISTRY"},"versionId":"2","updateTime":"2022-12-02T06:42:42Z","buildId":"9099097b-65d8-44bc-959a-d8a90d2ff49b","buildName":"projects/1025527321869/locations/us-central1/builds/9099097b-65d8-44bc-959a-d8a90d2ff49b"}}
[debug] [2022-12-02T06:43:30.455Z] [update-default-us-central1-expressApi] Retrying task index 0
[debug] [2022-12-02T06:43:30.455Z] >>> [apiv2][query] GET https://cloudfunctions.googleapis.com/v1/operations/amF3YXJhbXMtY292L3VzLWNlbnRyYWwxL2V4cHJlc3NBcGkvZVZWYUxhckEyd1E [none]
[debug] [2022-12-02T06:43:30.683Z] <<< [apiv2][status] GET https://cloudfunctions.googleapis.com/v1/operations/amF3YXJhbXMtY292L3VzLWNlbnRyYWwxL2V4cHJlc3NBcGkvZVZWYUxhckEyd1E 200
[debug] [2022-12-02T06:43:30.683Z] <<< [apiv2][body] GET https://cloudfunctions.googleapis.com/v1/operations/amF3YXJhbXMtY292L3VzLWNlbnRyYWwxL2V4cHJlc3NBcGkvZVZWYUxhckEyd1E {"name":"operations/amF3YXJhbXMtY292L3VzLWNlbnRyYWwxL2V4cHJlc3NBcGkvZVZWYUxhckEyd1E","metadata":{"@type":"type.googleapis.com/google.cloud.functions.v1.OperationMetadataV1","target":"projects/jawarams-cov/locations/us-central1/functions/expressApi","type":"UPDATE_FUNCTION","request":{"@type":"type.googleapis.com/google.cloud.functions.v1.CloudFunction","name":"projects/jawarams-cov/locations/us-central1/functions/expressApi","httpsTrigger":{"url":"https://us-central1-jawarams-cov.cloudfunctions.net/expressApi","securityLevel":"SECURE_ALWAYS"},"status":"OFFLINE","entryPoint":"expressApi","updateTime":"2022-12-02T06:39:10.087Z","versionId":"1","labels":{"deployment-tool":"cli-firebase","firebase-functions-hash":"3aba51dc6fa3149fa243a9177e0378196f8207a9"},"sourceUploadUrl":"https://storage.googleapis.com/uploads-595648734679.us-central1.cloudfunctions.appspot.com/ff5a56d0-5cdb-43df-95bd-9bd2cc020316.zip?GoogleAccessId=service-1025527321869@gcf-admin-robot.iam.gserviceaccount.com&Expires=1669965157&Signature=E9YzFZl7x9GtxS6khF5q0Wc9n5kNAILraoitdVT7KdDPK1dbYYplYyTtsYtE5O9rWS8%2FhStvN1ek3DjO6dHMM%2BXWYLcLEsXOIAX9gQF1UPXYHDUxFT8LODU6hIFGS87WjiTr6r0rJOnt4TQlkphMtt5%2BqQN2FZq%2Fg0WnIzjpQidUoimavPhXnNKrf7N2Yb01%2BeC54gBzgFXnl%2Fwpja8zrP3Frc7f0FliQtSCdnxddLnPQjPRBx7bEY5ynufxKMNXc4jHd%2BmNiQneyXRrgtyQNHql4lwZtxHrCU35OuKnQChHJdzYL119rOKeOTtIjq%2BnvgFc7nqRLvwNwZMtJonTdw%3D%3D","environmentVariables":{"FIREBASE_CONFIG":"{\"projectId\":\"jawarams-cov\",\"storageBucket\":\"jawarams-cov.appspot.com\"}","GCLOUD_PROJECT":"jawarams-cov","EVENTARC_CLOUD_EVENT_SOURCE":"projects/jawarams-cov/locations/us-central1/functions/expressApi"},"runtime":"nodejs16","buildId":"743619a9-8331-4f0e-a1cf-b779b10c8888","buildName":"projects/1025527321869/locations/us-central1/builds/743619a9-8331-4f0e-a1cf-b779b10c8888","dockerRegistry":"ARTIFACT_REGISTRY"},"versionId":"2","updateTime":"2022-12-02T06:42:42Z","buildId":"9099097b-65d8-44bc-959a-d8a90d2ff49b","buildName":"projects/1025527321869/locations/us-central1/builds/9099097b-65d8-44bc-959a-d8a90d2ff49b"}}
[debug] [2022-12-02T06:43:40.687Z] [update-default-us-central1-expressApi] Retrying task index 0
[debug] [2022-12-02T06:43:40.688Z] >>> [apiv2][query] GET https://cloudfunctions.googleapis.com/v1/operations/amF3YXJhbXMtY292L3VzLWNlbnRyYWwxL2V4cHJlc3NBcGkvZVZWYUxhckEyd1E [none]
[debug] [2022-12-02T06:43:40.921Z] <<< [apiv2][status] GET https://cloudfunctions.googleapis.com/v1/operations/amF3YXJhbXMtY292L3VzLWNlbnRyYWwxL2V4cHJlc3NBcGkvZVZWYUxhckEyd1E 200
[debug] [2022-12-02T06:43:40.922Z] <<< [apiv2][body] GET https://cloudfunctions.googleapis.com/v1/operations/amF3YXJhbXMtY292L3VzLWNlbnRyYWwxL2V4cHJlc3NBcGkvZVZWYUxhckEyd1E {"name":"operations/amF3YXJhbXMtY292L3VzLWNlbnRyYWwxL2V4cHJlc3NBcGkvZVZWYUxhckEyd1E","metadata":{"@type":"type.googleapis.com/google.cloud.functions.v1.OperationMetadataV1","target":"projects/jawarams-cov/locations/us-central1/functions/expressApi","type":"UPDATE_FUNCTION","request":{"@type":"type.googleapis.com/google.cloud.functions.v1.CloudFunction","name":"projects/jawarams-cov/locations/us-central1/functions/expressApi","httpsTrigger":{"url":"https://us-central1-jawarams-cov.cloudfunctions.net/expressApi","securityLevel":"SECURE_ALWAYS"},"status":"OFFLINE","entryPoint":"expressApi","updateTime":"2022-12-02T06:39:10.087Z","versionId":"1","labels":{"deployment-tool":"cli-firebase","firebase-functions-hash":"3aba51dc6fa3149fa243a9177e0378196f8207a9"},"sourceUploadUrl":"https://storage.googleapis.com/uploads-595648734679.us-central1.cloudfunctions.appspot.com/ff5a56d0-5cdb-43df-95bd-9bd2cc020316.zip?GoogleAccessId=service-1025527321869@gcf-admin-robot.iam.gserviceaccount.com&Expires=1669965157&Signature=E9YzFZl7x9GtxS6khF5q0Wc9n5kNAILraoitdVT7KdDPK1dbYYplYyTtsYtE5O9rWS8%2FhStvN1ek3DjO6dHMM%2BXWYLcLEsXOIAX9gQF1UPXYHDUxFT8LODU6hIFGS87WjiTr6r0rJOnt4TQlkphMtt5%2BqQN2FZq%2Fg0WnIzjpQidUoimavPhXnNKrf7N2Yb01%2BeC54gBzgFXnl%2Fwpja8zrP3Frc7f0FliQtSCdnxddLnPQjPRBx7bEY5ynufxKMNXc4jHd%2BmNiQneyXRrgtyQNHql4lwZtxHrCU35OuKnQChHJdzYL119rOKeOTtIjq%2BnvgFc7nqRLvwNwZMtJonTdw%3D%3D","environmentVariables":{"FIREBASE_CONFIG":"{\"projectId\":\"jawarams-cov\",\"storageBucket\":\"jawarams-cov.appspot.com\"}","GCLOUD_PROJECT":"jawarams-cov","EVENTARC_CLOUD_EVENT_SOURCE":"projects/jawarams-cov/locations/us-central1/functions/expressApi"},"runtime":"nodejs16","buildId":"743619a9-8331-4f0e-a1cf-b779b10c8888","buildName":"projects/1025527321869/locations/us-central1/builds/743619a9-8331-4f0e-a1cf-b779b10c8888","dockerRegistry":"ARTIFACT_REGISTRY"},"versionId":"2","updateTime":"2022-12-02T06:42:42Z","buildId":"9099097b-65d8-44bc-959a-d8a90d2ff49b","buildName":"projects/1025527321869/locations/us-central1/builds/9099097b-65d8-44bc-959a-d8a90d2ff49b"}}
[debug] [2022-12-02T06:43:50.927Z] [update-default-us-central1-expressApi] Retrying task index 0
[debug] [2022-12-02T06:43:50.928Z] >>> [apiv2][query] GET https://cloudfunctions.googleapis.com/v1/operations/amF3YXJhbXMtY292L3VzLWNlbnRyYWwxL2V4cHJlc3NBcGkvZVZWYUxhckEyd1E [none]
[debug] [2022-12-02T06:43:51.171Z] <<< [apiv2][status] GET https://cloudfunctions.googleapis.com/v1/operations/amF3YXJhbXMtY292L3VzLWNlbnRyYWwxL2V4cHJlc3NBcGkvZVZWYUxhckEyd1E 200
[debug] [2022-12-02T06:43:51.172Z] <<< [apiv2][body] GET https://cloudfunctions.googleapis.com/v1/operations/amF3YXJhbXMtY292L3VzLWNlbnRyYWwxL2V4cHJlc3NBcGkvZVZWYUxhckEyd1E {"name":"operations/amF3YXJhbXMtY292L3VzLWNlbnRyYWwxL2V4cHJlc3NBcGkvZVZWYUxhckEyd1E","metadata":{"@type":"type.googleapis.com/google.cloud.functions.v1.OperationMetadataV1","target":"projects/jawarams-cov/locations/us-central1/functions/expressApi","type":"UPDATE_FUNCTION","request":{"@type":"type.googleapis.com/google.cloud.functions.v1.CloudFunction","name":"projects/jawarams-cov/locations/us-central1/functions/expressApi","httpsTrigger":{"url":"https://us-central1-jawarams-cov.cloudfunctions.net/expressApi","securityLevel":"SECURE_ALWAYS"},"status":"OFFLINE","entryPoint":"expressApi","updateTime":"2022-12-02T06:39:10.087Z","versionId":"1","labels":{"deployment-tool":"cli-firebase","firebase-functions-hash":"3aba51dc6fa3149fa243a9177e0378196f8207a9"},"sourceUploadUrl":"https://storage.googleapis.com/uploads-595648734679.us-central1.cloudfunctions.appspot.com/ff5a56d0-5cdb-43df-95bd-9bd2cc020316.zip?GoogleAccessId=service-1025527321869@gcf-admin-robot.iam.gserviceaccount.com&Expires=1669965157&Signature=E9YzFZl7x9GtxS6khF5q0Wc9n5kNAILraoitdVT7KdDPK1dbYYplYyTtsYtE5O9rWS8%2FhStvN1ek3DjO6dHMM%2BXWYLcLEsXOIAX9gQF1UPXYHDUxFT8LODU6hIFGS87WjiTr6r0rJOnt4TQlkphMtt5%2BqQN2FZq%2Fg0WnIzjpQidUoimavPhXnNKrf7N2Yb01%2BeC54gBzgFXnl%2Fwpja8zrP3Frc7f0FliQtSCdnxddLnPQjPRBx7bEY5ynufxKMNXc4jHd%2BmNiQneyXRrgtyQNHql4lwZtxHrCU35OuKnQChHJdzYL119rOKeOTtIjq%2BnvgFc7nqRLvwNwZMtJonTdw%3D%3D","environmentVariables":{"FIREBASE_CONFIG":"{\"projectId\":\"jawarams-cov\",\"storageBucket\":\"jawarams-cov.appspot.com\"}","GCLOUD_PROJECT":"jawarams-cov","EVENTARC_CLOUD_EVENT_SOURCE":"projects/jawarams-cov/locations/us-central1/functions/expressApi"},"runtime":"nodejs16","buildId":"743619a9-8331-4f0e-a1cf-b779b10c8888","buildName":"projects/1025527321869/locations/us-central1/builds/743619a9-8331-4f0e-a1cf-b779b10c8888","dockerRegistry":"ARTIFACT_REGISTRY"},"versionId":"2","updateTime":"2022-12-02T06:42:42Z","buildId":"9099097b-65d8-44bc-959a-d8a90d2ff49b","buildName":"projects/1025527321869/locations/us-central1/builds/9099097b-65d8-44bc-959a-d8a90d2ff49b"}}
[debug] [2022-12-02T06:44:01.173Z] [update-default-us-central1-expressApi] Retrying task index 0
[debug] [2022-12-02T06:44:01.173Z] >>> [apiv2][query] GET https://cloudfunctions.googleapis.com/v1/operations/amF3YXJhbXMtY292L3VzLWNlbnRyYWwxL2V4cHJlc3NBcGkvZVZWYUxhckEyd1E [none]
[debug] [2022-12-02T06:44:01.421Z] <<< [apiv2][status] GET https://cloudfunctions.googleapis.com/v1/operations/amF3YXJhbXMtY292L3VzLWNlbnRyYWwxL2V4cHJlc3NBcGkvZVZWYUxhckEyd1E 200
[debug] [2022-12-02T06:44:01.422Z] <<< [apiv2][body] GET https://cloudfunctions.googleapis.com/v1/operations/amF3YXJhbXMtY292L3VzLWNlbnRyYWwxL2V4cHJlc3NBcGkvZVZWYUxhckEyd1E {"name":"operations/amF3YXJhbXMtY292L3VzLWNlbnRyYWwxL2V4cHJlc3NBcGkvZVZWYUxhckEyd1E","metadata":{"@type":"type.googleapis.com/google.cloud.functions.v1.OperationMetadataV1","target":"projects/jawarams-cov/locations/us-central1/functions/expressApi","type":"UPDATE_FUNCTION","request":{"@type":"type.googleapis.com/google.cloud.functions.v1.CloudFunction","name":"projects/jawarams-cov/locations/us-central1/functions/expressApi","httpsTrigger":{"url":"https://us-central1-jawarams-cov.cloudfunctions.net/expressApi","securityLevel":"SECURE_ALWAYS"},"status":"OFFLINE","entryPoint":"expressApi","updateTime":"2022-12-02T06:39:10.087Z","versionId":"1","labels":{"deployment-tool":"cli-firebase","firebase-functions-hash":"3aba51dc6fa3149fa243a9177e0378196f8207a9"},"sourceUploadUrl":"https://storage.googleapis.com/uploads-595648734679.us-central1.cloudfunctions.appspot.com/ff5a56d0-5cdb-43df-95bd-9bd2cc020316.zip?GoogleAccessId=service-1025527321869@gcf-admin-robot.iam.gserviceaccount.com&Expires=1669965157&Signature=E9YzFZl7x9GtxS6khF5q0Wc9n5kNAILraoitdVT7KdDPK1dbYYplYyTtsYtE5O9rWS8%2FhStvN1ek3DjO6dHMM%2BXWYLcLEsXOIAX9gQF1UPXYHDUxFT8LODU6hIFGS87WjiTr6r0rJOnt4TQlkphMtt5%2BqQN2FZq%2Fg0WnIzjpQidUoimavPhXnNKrf7N2Yb01%2BeC54gBzgFXnl%2Fwpja8zrP3Frc7f0FliQtSCdnxddLnPQjPRBx7bEY5ynufxKMNXc4jHd%2BmNiQneyXRrgtyQNHql4lwZtxHrCU35OuKnQChHJdzYL119rOKeOTtIjq%2BnvgFc7nqRLvwNwZMtJonTdw%3D%3D","environmentVariables":{"FIREBASE_CONFIG":"{\"projectId\":\"jawarams-cov\",\"storageBucket\":\"jawarams-cov.appspot.com\"}","GCLOUD_PROJECT":"jawarams-cov","EVENTARC_CLOUD_EVENT_SOURCE":"projects/jawarams-cov/locations/us-central1/functions/expressApi"},"runtime":"nodejs16","buildId":"743619a9-8331-4f0e-a1cf-b779b10c8888","buildName":"projects/1025527321869/locations/us-central1/builds/743619a9-8331-4f0e-a1cf-b779b10c8888","dockerRegistry":"ARTIFACT_REGISTRY"},"versionId":"2","updateTime":"2022-12-02T06:42:42Z","buildId":"9099097b-65d8-44bc-959a-d8a90d2ff49b","buildName":"projects/1025527321869/locations/us-central1/builds/9099097b-65d8-44bc-959a-d8a90d2ff49b"}}
[debug] [2022-12-02T06:44:11.432Z] [update-default-us-central1-expressApi] Retrying task index 0
[debug] [2022-12-02T06:44:11.468Z] >>> [apiv2][query] GET https://cloudfunctions.googleapis.com/v1/operations/amF3YXJhbXMtY292L3VzLWNlbnRyYWwxL2V4cHJlc3NBcGkvZVZWYUxhckEyd1E [none]
[debug] [2022-12-02T06:44:11.772Z] <<< [apiv2][status] GET https://cloudfunctions.googleapis.com/v1/operations/amF3YXJhbXMtY292L3VzLWNlbnRyYWwxL2V4cHJlc3NBcGkvZVZWYUxhckEyd1E 200
[debug] [2022-12-02T06:44:11.772Z] <<< [apiv2][body] GET https://cloudfunctions.googleapis.com/v1/operations/amF3YXJhbXMtY292L3VzLWNlbnRyYWwxL2V4cHJlc3NBcGkvZVZWYUxhckEyd1E {"name":"operations/amF3YXJhbXMtY292L3VzLWNlbnRyYWwxL2V4cHJlc3NBcGkvZVZWYUxhckEyd1E","metadata":{"@type":"type.googleapis.com/google.cloud.functions.v1.OperationMetadataV1","target":"projects/jawarams-cov/locations/us-central1/functions/expressApi","type":"UPDATE_FUNCTION","request":{"@type":"type.googleapis.com/google.cloud.functions.v1.CloudFunction","name":"projects/jawarams-cov/locations/us-central1/functions/expressApi","httpsTrigger":{"url":"https://us-central1-jawarams-cov.cloudfunctions.net/expressApi","securityLevel":"SECURE_ALWAYS"},"status":"OFFLINE","entryPoint":"expressApi","updateTime":"2022-12-02T06:39:10.087Z","versionId":"1","labels":{"deployment-tool":"cli-firebase","firebase-functions-hash":"3aba51dc6fa3149fa243a9177e0378196f8207a9"},"sourceUploadUrl":"https://storage.googleapis.com/uploads-595648734679.us-central1.cloudfunctions.appspot.com/ff5a56d0-5cdb-43df-95bd-9bd2cc020316.zip?GoogleAccessId=service-1025527321869@gcf-admin-robot.iam.gserviceaccount.com&Expires=1669965157&Signature=E9YzFZl7x9GtxS6khF5q0Wc9n5kNAILraoitdVT7KdDPK1dbYYplYyTtsYtE5O9rWS8%2FhStvN1ek3DjO6dHMM%2BXWYLcLEsXOIAX9gQF1UPXYHDUxFT8LODU6hIFGS87WjiTr6r0rJOnt4TQlkphMtt5%2BqQN2FZq%2Fg0WnIzjpQidUoimavPhXnNKrf7N2Yb01%2BeC54gBzgFXnl%2Fwpja8zrP3Frc7f0FliQtSCdnxddLnPQjPRBx7bEY5ynufxKMNXc4jHd%2BmNiQneyXRrgtyQNHql4lwZtxHrCU35OuKnQChHJdzYL119rOKeOTtIjq%2BnvgFc7nqRLvwNwZMtJonTdw%3D%3D","environmentVariables":{"FIREBASE_CONFIG":"{\"projectId\":\"jawarams-cov\",\"storageBucket\":\"jawarams-cov.appspot.com\"}","GCLOUD_PROJECT":"jawarams-cov","EVENTARC_CLOUD_EVENT_SOURCE":"projects/jawarams-cov/locations/us-central1/functions/expressApi"},"runtime":"nodejs16","buildId":"743619a9-8331-4f0e-a1cf-b779b10c8888","buildName":"projects/1025527321869/locations/us-central1/builds/743619a9-8331-4f0e-a1cf-b779b10c8888","dockerRegistry":"ARTIFACT_REGISTRY"},"versionId":"2","updateTime":"2022-12-02T06:42:42Z","buildId":"9099097b-65d8-44bc-959a-d8a90d2ff49b","sourceToken":"ce6c6b44-790d-4be8-887b-60437ccaf1f7","buildName":"projects/1025527321869/locations/us-central1/builds/9099097b-65d8-44bc-959a-d8a90d2ff49b"}}
[debug] [2022-12-02T06:44:11.772Z] Got source token ce6c6b44-790d-4be8-887b-60437ccaf1f7 for region us-central1
[debug] [2022-12-02T06:44:21.775Z] [update-default-us-central1-expressApi] Retrying task index 0
[debug] [2022-12-02T06:44:21.776Z] >>> [apiv2][query] GET https://cloudfunctions.googleapis.com/v1/operations/amF3YXJhbXMtY292L3VzLWNlbnRyYWwxL2V4cHJlc3NBcGkvZVZWYUxhckEyd1E [none]
[debug] [2022-12-02T06:44:22.021Z] <<< [apiv2][status] GET https://cloudfunctions.googleapis.com/v1/operations/amF3YXJhbXMtY292L3VzLWNlbnRyYWwxL2V4cHJlc3NBcGkvZVZWYUxhckEyd1E 200
[debug] [2022-12-02T06:44:22.021Z] <<< [apiv2][body] GET https://cloudfunctions.googleapis.com/v1/operations/amF3YXJhbXMtY292L3VzLWNlbnRyYWwxL2V4cHJlc3NBcGkvZVZWYUxhckEyd1E {"name":"operations/amF3YXJhbXMtY292L3VzLWNlbnRyYWwxL2V4cHJlc3NBcGkvZVZWYUxhckEyd1E","metadata":{"@type":"type.googleapis.com/google.cloud.functions.v1.OperationMetadataV1","target":"projects/jawarams-cov/locations/us-central1/functions/expressApi","type":"UPDATE_FUNCTION","request":{"@type":"type.googleapis.com/google.cloud.functions.v1.CloudFunction","name":"projects/jawarams-cov/locations/us-central1/functions/expressApi","httpsTrigger":{"url":"https://us-central1-jawarams-cov.cloudfunctions.net/expressApi","securityLevel":"SECURE_ALWAYS"},"status":"OFFLINE","entryPoint":"expressApi","updateTime":"2022-12-02T06:39:10.087Z","versionId":"1","labels":{"deployment-tool":"cli-firebase","firebase-functions-hash":"3aba51dc6fa3149fa243a9177e0378196f8207a9"},"sourceUploadUrl":"https://storage.googleapis.com/uploads-595648734679.us-central1.cloudfunctions.appspot.com/ff5a56d0-5cdb-43df-95bd-9bd2cc020316.zip?GoogleAccessId=service-1025527321869@gcf-admin-robot.iam.gserviceaccount.com&Expires=1669965157&Signature=E9YzFZl7x9GtxS6khF5q0Wc9n5kNAILraoitdVT7KdDPK1dbYYplYyTtsYtE5O9rWS8%2FhStvN1ek3DjO6dHMM%2BXWYLcLEsXOIAX9gQF1UPXYHDUxFT8LODU6hIFGS87WjiTr6r0rJOnt4TQlkphMtt5%2BqQN2FZq%2Fg0WnIzjpQidUoimavPhXnNKrf7N2Yb01%2BeC54gBzgFXnl%2Fwpja8zrP3Frc7f0FliQtSCdnxddLnPQjPRBx7bEY5ynufxKMNXc4jHd%2BmNiQneyXRrgtyQNHql4lwZtxHrCU35OuKnQChHJdzYL119rOKeOTtIjq%2BnvgFc7nqRLvwNwZMtJonTdw%3D%3D","environmentVariables":{"FIREBASE_CONFIG":"{\"projectId\":\"jawarams-cov\",\"storageBucket\":\"jawarams-cov.appspot.com\"}","GCLOUD_PROJECT":"jawarams-cov","EVENTARC_CLOUD_EVENT_SOURCE":"projects/jawarams-cov/locations/us-central1/functions/expressApi"},"runtime":"nodejs16","buildId":"743619a9-8331-4f0e-a1cf-b779b10c8888","buildName":"projects/1025527321869/locations/us-central1/builds/743619a9-8331-4f0e-a1cf-b779b10c8888","dockerRegistry":"ARTIFACT_REGISTRY"},"versionId":"2","updateTime":"2022-12-02T06:44:14Z","buildId":"9099097b-65d8-44bc-959a-d8a90d2ff49b","sourceToken":"ce6c6b44-790d-4be8-887b-60437ccaf1f7","buildName":"projects/1025527321869/locations/us-central1/builds/9099097b-65d8-44bc-959a-d8a90d2ff49b"},"done":true,"error":{"code":3,"message":"Function failed on loading user code. This is likely due to a bug in the user code. Error message: Error: please examine your function logs to see the error cause: https://cloud.google.com/functions/docs/monitoring/logging#viewing_logs. Additional troubleshooting documentation can be found at https://cloud.google.com/functions/docs/troubleshooting#logging. Please visit https://cloud.google.com/functions/docs/troubleshooting for in-depth troubleshooting documentation."}}
[debug] [2022-12-02T06:44:22.021Z] Got source token ce6c6b44-790d-4be8-887b-60437ccaf1f7 for region us-central1
[error] Function failed on loading user code. This is likely due to a bug in the user code. Error message: Error: please examine your function logs to see the error cause: https://cloud.google.com/functions/docs/monitoring/logging#viewing_logs. Additional troubleshooting documentation can be found at https://cloud.google.com/functions/docs/troubleshooting#logging. Please visit https://cloud.google.com/functions/docs/troubleshooting for in-depth troubleshooting documentation.
[debug] [2022-12-02T06:44:22.063Z] Total Function Deployment time: 99787
[debug] [2022-12-02T06:44:22.063Z] 1 Functions Deployed
[debug] [2022-12-02T06:44:22.064Z] 1 Functions Errored
[debug] [2022-12-02T06:44:22.064Z] 0 Function Deployments Aborted
[debug] [2022-12-02T06:44:22.064Z] Average Function Deployment time: 99779
[info] 
[info] Functions deploy had errors with the following functions:
	expressApi(us-central1)
[debug] [2022-12-02T06:44:22.150Z] Not printing URL for HTTPS function. Typically this means it didn't match a filter or we failed deployment
[info] i  functions: cleaning up build files... 
[debug] [2022-12-02T06:44:22.166Z] >>> [apiv2][query] DELETE https://artifactregistry.googleapis.com/v1beta2/projects/jawarams-cov/locations/us-central1/repositories/gcf-artifacts/packages/express_api [none]
[debug] [2022-12-02T06:44:22.168Z] >>> [apiv2][query] GET https://us.gcr.io/v2/jawarams-cov/gcf/us-central1/tags/list [none]
[debug] [2022-12-02T06:44:22.347Z] <<< [apiv2][status] GET https://us.gcr.io/v2/jawarams-cov/gcf/us-central1/tags/list 200
[debug] [2022-12-02T06:44:22.347Z] <<< [apiv2][body] GET https://us.gcr.io/v2/jawarams-cov/gcf/us-central1/tags/list {"child":[],"manifest":{},"name":"jawarams-cov/gcf/us-central1","tags":[]}
[debug] [2022-12-02T06:44:22.347Z] Could not find image for function projects/jawarams-cov/locations/us-central1/functions/expressApi
[debug] [2022-12-02T06:44:22.894Z] <<< [apiv2][status] DELETE https://artifactregistry.googleapis.com/v1beta2/projects/jawarams-cov/locations/us-central1/repositories/gcf-artifacts/packages/express_api 200
[debug] [2022-12-02T06:44:22.894Z] <<< [apiv2][body] DELETE https://artifactregistry.googleapis.com/v1beta2/projects/jawarams-cov/locations/us-central1/repositories/gcf-artifacts/packages/express_api {"name":"projects/jawarams-cov/locations/us-central1/operations/e37ca3ce-a5c5-43e2-8e07-bf7673251c50","metadata":{"@type":"type.googleapis.com/google.devtools.artifactregistry.v1beta2.OperationMetadata"}}
[debug] [2022-12-02T06:44:22.895Z] >>> [apiv2][query] GET https://artifactregistry.googleapis.com/v1beta2/projects/jawarams-cov/locations/us-central1/operations/e37ca3ce-a5c5-43e2-8e07-bf7673251c50 [none]
[debug] [2022-12-02T06:44:23.603Z] <<< [apiv2][status] GET https://artifactregistry.googleapis.com/v1beta2/projects/jawarams-cov/locations/us-central1/operations/e37ca3ce-a5c5-43e2-8e07-bf7673251c50 200
[debug] [2022-12-02T06:44:23.603Z] <<< [apiv2][body] GET https://artifactregistry.googleapis.com/v1beta2/projects/jawarams-cov/locations/us-central1/operations/e37ca3ce-a5c5-43e2-8e07-bf7673251c50 {"name":"projects/jawarams-cov/locations/us-central1/operations/e37ca3ce-a5c5-43e2-8e07-bf7673251c50","metadata":{"@type":"type.googleapis.com/google.devtools.artifactregistry.v1beta2.OperationMetadata"},"done":true,"response":{"@type":"type.googleapis.com/google.protobuf.Empty"}}
[debug] [2022-12-02T06:44:23.603Z] Functions deploy failed.
[debug] [2022-12-02T06:44:23.603Z] {
  "endpoint": {
    "id": "expressApi",
    "project": "jawarams-cov",
    "region": "us-central1",
    "entryPoint": "expressApi",
    "platform": "gcfv1",
    "runtime": "nodejs16",
    "httpsTrigger": {},
    "serviceAccount": null,
    "ingressSettings": null,
    "availableMemoryMb": null,
    "timeoutSeconds": null,
    "maxInstances": null,
    "minInstances": null,
    "vpc": null,
    "environmentVariables": {
      "FIREBASE_CONFIG": "{\"projectId\":\"jawarams-cov\",\"storageBucket\":\"jawarams-cov.appspot.com\"}",
      "GCLOUD_PROJECT": "jawarams-cov",
      "EVENTARC_CLOUD_EVENT_SOURCE": "projects/jawarams-cov/locations/us-central1/functions/expressApi"
    },
    "codebase": "default",
    "securityLevel": "SECURE_ALWAYS",
    "targetedByOnly": false,
    "hash": "3aba51dc6fa3149fa243a9177e0378196f8207a9",
    "labels": {
      "deployment-tool": "cli-firebase"
    }
  },
  "op": "update",
  "original": {
    "name": "FirebaseError",
    "children": [],
    "exit": 1,
    "message": "Function failed on loading user code. This is likely due to a bug in the user code. Error message: Error: please examine your function logs to see the error cause: https://cloud.google.com/functions/docs/monitoring/logging#viewing_logs. Additional troubleshooting documentation can be found at https://cloud.google.com/functions/docs/troubleshooting#logging. Please visit https://cloud.google.com/functions/docs/troubleshooting for in-depth troubleshooting documentation.",
    "status": 3
  }
}
[debug] [2022-12-02T06:44:23.673Z] Error: Failed to update function expressApi in region us-central1
    at /usr/local/lib/node_modules/firebase-tools/lib/deploy/functions/release/fabricator.js:41:11
    at processTicksAndRejections (node:internal/process/task_queues:96:5)
    at async Fabricator.updateV1Function (/usr/local/lib/node_modules/firebase-tools/lib/deploy/functions/release/fabricator.js:304:32)
    at async Fabricator.updateEndpoint (/usr/local/lib/node_modules/firebase-tools/lib/deploy/functions/release/fabricator.js:140:13)
    at async handle (/usr/local/lib/node_modules/firebase-tools/lib/deploy/functions/release/fabricator.js:78:17)
[error] 
[error] Error: There was an error deploying functions
